<?xml version="1.0" encoding="UTF-8"?>
<!-- Generated by org.testng.reporters.JUnitXMLReporter -->
<testsuite hostname="yulia" name="Test1" tests="9" failures="0" timestamp="29 Mar 2016 13:08:41 GMT" time="59.618" errors="0">
  <testcase name="testLoginTestHTML" time="3.34" classname="slenium_java_training_ymbelyakova.LoginTest"/>
  <testcase name="testNegativeSearch" time="1.011" classname="slenium_java_training_ymbelyakova.NegativeSearch"/>
  <testcase name="testPositiveSearch" time="1.006" classname="slenium_java_training_ymbelyakova.PositiveSearch"/>
  <testcase name="testDifferent" time="9.922" classname="slenium_java_training_ymbelyakova.Different"/>
  <testcase name="testFindAndAdd" time="8.815" classname="slenium_java_training_ymbelyakova.FindAndAdd"/>
  <testcase name="testNewMovie" time="10.544" classname="slenium_java_training_ymbelyakova.NewMovie"/>
  <testcase name="testDeleteMovie" time="1.96" classname="slenium_java_training_ymbelyakova.DeleteMovie2"/>
  <testcase name="testFindAndAdd2" time="8.968" classname="slenium_java_training_ymbelyakova.FindAndAdd2"/>
  <testcase name="testComplexSearch" time="3.305" classname="slenium_java_training_ymbelyakova.ComplexSearch"/>
</testsuite> <!-- Test1 -->
