<?xml version="1.0" encoding="UTF-8"?>
<!-- Generated by org.testng.reporters.JUnitXMLReporter -->
<testsuite hostname="yulia" name="Test1" tests="4" failures="0" timestamp="31 Mar 2016 13:14:53 GMT" time="20.415" errors="0">
  <testcase name="testLoginTestHTML" time="3.514" classname="slenium_java_training_ymbelyakova.LoginTest"/>
  <testcase name="testNegativeSearch" time="1.456" classname="slenium_java_training_ymbelyakova.NegativeSearch"/>
  <testcase name="testPositiveSearch" time="2.013" classname="slenium_java_training_ymbelyakova.PositiveSearch"/>
  <testcase name="testComplexSearch" time="5.148" classname="slenium_java_training_ymbelyakova.ComplexSearch"/>
</testsuite> <!-- Test1 -->
