<?xml version="1.0" encoding="UTF-8"?>
<!-- Generated by org.testng.reporters.JUnitXMLReporter -->
<testsuite hostname="yulia" name="Test1" tests="4" failures="0" timestamp="4 Apr 2016 09:09:30 GMT" time="18.869" errors="0">
  <testcase name="testLoginTestHTML" time="2.515" classname="slenium_java_training_ymbelyakova.LoginTest"/>
  <testcase name="testNegativeSearch" time="1.858" classname="slenium_java_training_ymbelyakova.NegativeSearch"/>
  <testcase name="testPositiveSearch" time="1.906" classname="slenium_java_training_ymbelyakova.PositiveSearch"/>
  <testcase name="testComplexSearch" time="4.771" classname="slenium_java_training_ymbelyakova.ComplexSearch"/>
</testsuite> <!-- Test1 -->
