<?xml version="1.0" encoding="UTF-8"?>
<testng-results skipped="0" failed="0" total="4" passed="4">
  <reporter-output>
  </reporter-output>
  <suite name="Tests" duration-ms="18869" started-at="2016-04-04T09:09:11Z" finished-at="2016-04-04T09:09:30Z">
    <groups>
    </groups>
    <test name="Test1" duration-ms="18869" started-at="2016-04-04T09:09:11Z" finished-at="2016-04-04T09:09:30Z">
      <class name="slenium_java_training_ymbelyakova.ComplexSearch">
        <test-method status="PASS" signature="init()[pri:0, instance:slenium_java_training_ymbelyakova.ComplexSearch@6b2fad11]" name="init" is-config="true" duration-ms="16" started-at="2016-04-04T12:09:25Z" finished-at="2016-04-04T12:09:25Z">
          <reporter-output>
          </reporter-output>
        </test-method> <!-- init -->
        <test-method status="PASS" signature="testComplexSearch()[pri:0, instance:slenium_java_training_ymbelyakova.ComplexSearch@6b2fad11]" name="testComplexSearch" duration-ms="4771" started-at="2016-04-04T12:09:25Z" finished-at="2016-04-04T12:09:30Z">
          <reporter-output>
          </reporter-output>
        </test-method> <!-- testComplexSearch -->
      </class> <!-- slenium_java_training_ymbelyakova.ComplexSearch -->
      <class name="slenium_java_training_ymbelyakova.LoginTest">
        <test-method status="PASS" signature="init()[pri:0, instance:slenium_java_training_ymbelyakova.LoginTest@73f792cf]" name="init" is-config="true" duration-ms="7732" started-at="2016-04-04T12:09:11Z" finished-at="2016-04-04T12:09:19Z">
          <reporter-output>
          </reporter-output>
        </test-method> <!-- init -->
        <test-method status="PASS" signature="testLoginTestHTML()[pri:0, instance:slenium_java_training_ymbelyakova.LoginTest@73f792cf]" name="testLoginTestHTML" duration-ms="2515" started-at="2016-04-04T12:09:19Z" finished-at="2016-04-04T12:09:21Z">
          <reporter-output>
          </reporter-output>
        </test-method> <!-- testLoginTestHTML -->
      </class> <!-- slenium_java_training_ymbelyakova.LoginTest -->
      <class name="slenium_java_training_ymbelyakova.PositiveSearch">
        <test-method status="PASS" signature="init()[pri:0, instance:slenium_java_training_ymbelyakova.PositiveSearch@79698539]" name="init" is-config="true" duration-ms="18" started-at="2016-04-04T12:09:23Z" finished-at="2016-04-04T12:09:23Z">
          <reporter-output>
          </reporter-output>
        </test-method> <!-- init -->
        <test-method status="PASS" signature="testPositiveSearch()[pri:0, instance:slenium_java_training_ymbelyakova.PositiveSearch@79698539]" name="testPositiveSearch" duration-ms="1906" started-at="2016-04-04T12:09:23Z" finished-at="2016-04-04T12:09:25Z">
          <reporter-output>
          </reporter-output>
        </test-method> <!-- testPositiveSearch -->
      </class> <!-- slenium_java_training_ymbelyakova.PositiveSearch -->
      <class name="slenium_java_training_ymbelyakova.NegativeSearch">
        <test-method status="PASS" signature="init()[pri:0, instance:slenium_java_training_ymbelyakova.NegativeSearch@6108b2d7]" name="init" is-config="true" duration-ms="26" started-at="2016-04-04T12:09:21Z" finished-at="2016-04-04T12:09:22Z">
          <reporter-output>
          </reporter-output>
        </test-method> <!-- init -->
        <test-method status="PASS" signature="testNegativeSearch()[pri:0, instance:slenium_java_training_ymbelyakova.NegativeSearch@6108b2d7]" name="testNegativeSearch" duration-ms="1858" started-at="2016-04-04T12:09:22Z" finished-at="2016-04-04T12:09:23Z">
          <reporter-output>
          </reporter-output>
        </test-method> <!-- testNegativeSearch -->
        <test-method status="PASS" signature="tearDown()[pri:0, instance:slenium_java_training_ymbelyakova.NegativeSearch@6108b2d7]" name="tearDown" is-config="true" duration-ms="562" started-at="2016-04-04T12:09:30Z" finished-at="2016-04-04T12:09:31Z">
          <reporter-output>
          </reporter-output>
        </test-method> <!-- tearDown -->
      </class> <!-- slenium_java_training_ymbelyakova.NegativeSearch -->
    </test> <!-- Test1 -->
  </suite> <!-- Tests -->
</testng-results>
