<?xml version="1.0" encoding="UTF-8"?>
<testng-results skipped="0" failed="0" total="1" passed="1">
  <reporter-output>
  </reporter-output>
  <suite name="Default suite" duration-ms="46010" started-at="2016-03-31T10:10:22Z" finished-at="2016-03-31T10:11:08Z">
    <groups>
    </groups>
    <test name="Default test" duration-ms="46010" started-at="2016-03-31T10:10:22Z" finished-at="2016-03-31T10:11:08Z">
      <class name="slenium_java_training_ymbelyakova.PositiveSearch">
        <test-method status="PASS" signature="init()[pri:0, instance:slenium_java_training_ymbelyakova.PositiveSearch@3ac3fd8b]" name="init" is-config="true" duration-ms="7993" started-at="2016-03-31T13:10:22Z" finished-at="2016-03-31T13:10:30Z">
          <reporter-output>
          </reporter-output>
        </test-method> <!-- init -->
        <test-method status="PASS" signature="testPositiveSearch()[pri:0, instance:slenium_java_training_ymbelyakova.PositiveSearch@3ac3fd8b]" name="testPositiveSearch" duration-ms="37965" started-at="2016-03-31T13:10:30Z" finished-at="2016-03-31T13:11:08Z">
          <reporter-output>
          </reporter-output>
        </test-method> <!-- testPositiveSearch -->
        <test-method status="PASS" signature="tearDown()[pri:0, instance:slenium_java_training_ymbelyakova.PositiveSearch@3ac3fd8b]" name="tearDown" is-config="true" duration-ms="481" started-at="2016-03-31T13:11:08Z" finished-at="2016-03-31T13:11:08Z">
          <reporter-output>
          </reporter-output>
        </test-method> <!-- tearDown -->
      </class> <!-- slenium_java_training_ymbelyakova.PositiveSearch -->
    </test> <!-- Default test -->
  </suite> <!-- Default suite -->
</testng-results>
